#
# There is insufficient memory for the Java Runtime Environment to continue.
# Native memory allocation (malloc) failed to allocate 1771856 bytes for Chunk::new
# Possible reasons:
#   The system is out of physical RAM or swap space
#   In 32 bit mode, the process size limit was hit
# Possible solutions:
#   Reduce memory load on the system
#   Increase physical memory or swap space
#   Check if swap backing store is full
#   Use 64 bit Java on a 64 bit OS
#   Decrease Java heap size (-Xmx/-Xms)
#   Decrease number of Java threads
#   Decrease Java thread stack sizes (-Xss)
#   Set larger code cache with -XX:ReservedCodeCacheSize=
# This output file may be truncated or incomplete.
#
#  Out of Memory Error (allocation.cpp:390), pid=8552, tid=11216
#
# JRE version: Java(TM) SE Runtime Environment (8.0_45-b15) (build 1.8.0_45-b15)
# Java VM: Java HotSpot(TM) 64-Bit Server VM (25.45-b02 mixed mode windows-amd64 compressed oops)
# Failed to write core dump. Minidumps are not enabled by default on client versions of Windows
#

---------------  T H R E A D  ---------------

Current thread (0x00000000187ea000):  JavaThread "C2 CompilerThread1" daemon [_thread_in_native, id=11216, stack(0x0000000018e60000,0x0000000018f60000)]

Stack: [0x0000000018e60000,0x0000000018f60000]
Native frames: (J=compiled Java code, j=interpreted, Vv=VM code, C=native code)
V  [jvm.dll+0x32b57a]
V  [jvm.dll+0x279873]
V  [jvm.dll+0x27a509]
V  [jvm.dll+0x271825]
V  [jvm.dll+0xcb9e2]
V  [jvm.dll+0xcbeac]
V  [jvm.dll+0x476ef2]
V  [jvm.dll+0x4b955f]
V  [jvm.dll+0x46bc14]
V  [jvm.dll+0x46ccbe]
V  [jvm.dll+0x4500f2]
V  [jvm.dll+0xa4352]
V  [jvm.dll+0xa4c8f]
V  [jvm.dll+0x241984]
V  [jvm.dll+0x29853a]
C  [msvcr100.dll+0x21d9f]
C  [msvcr100.dll+0x21e3b]
C  [KERNEL32.DLL+0x13034]
C  [ntdll.dll+0x71461]


Current CompileTask:
C2:17688395 53004       4       com.android.dx.dex.code.OutputFinisher::addConstants (134 bytes)


---------------  P R O C E S S  ---------------

Java Threads: ( => current thread )
  0x000000001e237000 JavaThread "ForkJoinPool.commonPool-worker-7" daemon [_thread_in_native, id=14472, stack(0x0000000056380000,0x0000000056480000)]
  0x000000001e23d800 JavaThread "ForkJoinPool.commonPool-worker-6" daemon [_thread_in_native, id=14876, stack(0x0000000056280000,0x0000000056380000)]
  0x000000001e236000 JavaThread "ForkJoinPool.commonPool-worker-5" daemon [_thread_in_Java, id=15760, stack(0x0000000056180000,0x0000000056280000)]
  0x000000001e23c000 JavaThread "ForkJoinPool.commonPool-worker-4" daemon [_thread_in_Java, id=660, stack(0x0000000056080000,0x0000000056180000)]
  0x0000000022233800 JavaThread "ForkJoinPool.commonPool-worker-3" daemon [_thread_in_Java, id=2792, stack(0x0000000055f80000,0x0000000056080000)]
  0x0000000022233000 JavaThread "ForkJoinPool.commonPool-worker-2" daemon [_thread_in_Java, id=2304, stack(0x0000000055e80000,0x0000000055f80000)]
  0x0000000022232000 JavaThread "ForkJoinPool.commonPool-worker-1" daemon [_thread_in_Java, id=14100, stack(0x0000000055d80000,0x0000000055e80000)]
  0x0000000022237800 JavaThread "ForkJoinPool.commonPool-worker-0" daemon [_thread_in_Java, id=15320, stack(0x0000000055c80000,0x0000000055d80000)]
  0x000000002222a000 JavaThread "Worker Daemon Execution Thread 16" [_thread_blocked, id=10848, stack(0x0000000055b80000,0x0000000055c80000)]
  0x0000000022229000 JavaThread "Worker Daemon Execution Thread 15" [_thread_blocked, id=15524, stack(0x0000000055a80000,0x0000000055b80000)]
  0x000000001a21f800 JavaThread "Worker Daemon Execution Thread 14" [_thread_blocked, id=14012, stack(0x0000000055980000,0x0000000055a80000)]
  0x000000001a21d000 JavaThread "Worker Daemon Execution Thread 13" [_thread_blocked, id=15976, stack(0x0000000055880000,0x0000000055980000)]
  0x000000001a21e000 JavaThread "Worker Daemon Execution Thread 12" [_thread_blocked, id=13948, stack(0x0000000055780000,0x0000000055880000)]
  0x000000001a221000 JavaThread "Worker Daemon Execution Thread 11" [_thread_blocked, id=6016, stack(0x0000000055680000,0x0000000055780000)]
  0x000000001a222800 JavaThread "Worker Daemon Execution Thread 10" [_thread_blocked, id=10944, stack(0x0000000055580000,0x0000000055680000)]
  0x000000001a21e800 JavaThread "Worker Daemon Execution Thread 9" [_thread_blocked, id=13232, stack(0x0000000055480000,0x0000000055580000)]
  0x000000001a220000 JavaThread "Worker Daemon Execution Thread 8" [_thread_blocked, id=14376, stack(0x0000000055380000,0x0000000055480000)]
  0x000000001a213800 JavaThread "Worker Daemon Execution Thread 7" [_thread_blocked, id=7588, stack(0x0000000055280000,0x0000000055380000)]
  0x0000000020e4e800 JavaThread "Worker Daemon Execution Thread 6" [_thread_blocked, id=13164, stack(0x0000000055180000,0x0000000055280000)]
  0x0000000020e4d800 JavaThread "Worker Daemon Execution Thread 5" [_thread_blocked, id=11576, stack(0x0000000055080000,0x0000000055180000)]
  0x0000000020e4d000 JavaThread "Worker Daemon Execution Thread 4" [_thread_blocked, id=14184, stack(0x0000000054f80000,0x0000000055080000)]
  0x0000000020e4c000 JavaThread "Worker Daemon Execution Thread 3" [_thread_blocked, id=7780, stack(0x0000000054e80000,0x0000000054f80000)]
  0x0000000020e50000 JavaThread "Worker Daemon Execution Thread 2" [_thread_blocked, id=9016, stack(0x0000000054d80000,0x0000000054e80000)]
  0x0000000020e44000 JavaThread "Worker Daemon Execution" [_thread_blocked, id=8048, stack(0x0000000054c80000,0x0000000054d80000)]
  0x0000000020e49000 JavaThread "Cache worker for Java compile cache (G:\wj\Demo\AndroidBase\.gradle\4.1\javaCompile)" [_thread_blocked, id=3456, stack(0x0000000054b80000,0x0000000054c80000)]
  0x000000002a58a800 JavaThread "Task worker for ':' Thread 7" [_thread_blocked, id=14776, stack(0x0000000054480000,0x0000000054580000)]
  0x000000002a58f000 JavaThread "Task worker for ':' Thread 6" [_thread_blocked, id=6584, stack(0x0000000054380000,0x0000000054480000)]
  0x000000002a58e000 JavaThread "Task worker for ':' Thread 5" [_thread_blocked, id=11848, stack(0x0000000054280000,0x0000000054380000)]
  0x000000002a586800 JavaThread "Task worker for ':' Thread 4" [_thread_blocked, id=2736, stack(0x0000000054180000,0x0000000054280000)]
  0x000000002a58c000 JavaThread "Task worker for ':' Thread 3" [_thread_blocked, id=15260, stack(0x0000000054080000,0x0000000054180000)]
  0x000000002a58d800 JavaThread "Task worker for ':' Thread 2" [_thread_blocked, id=1272, stack(0x0000000053f80000,0x0000000054080000)]
  0x000000002a586000 JavaThread "Task worker for ':'" [_thread_blocked, id=9080, stack(0x0000000053e80000,0x0000000053f80000)]
  0x000000002a589800 JavaThread "Cache worker for file content cache (G:\wj\Demo\AndroidBase\.gradle\4.1\fileContent)" [_thread_blocked, id=2968, stack(0x0000000053d80000,0x0000000053e80000)]
  0x000000002a58b000 JavaThread "Cache worker for task history cache (G:\wj\Demo\AndroidBase\.gradle\4.1\taskHistory)" [_thread_blocked, id=15356, stack(0x0000000053c80000,0x0000000053d80000)]
  0x000000002a589000 JavaThread "build operations Thread 8" [_thread_blocked, id=7776, stack(0x0000000053b80000,0x0000000053c80000)]
  0x000000002b326800 JavaThread "build operations Thread 7" [_thread_blocked, id=11692, stack(0x0000000053a80000,0x0000000053b80000)]
  0x000000002b325800 JavaThread "build operations Thread 6" [_thread_blocked, id=1040, stack(0x0000000053980000,0x0000000053a80000)]
  0x000000002b325000 JavaThread "build operations Thread 5" [_thread_blocked, id=16184, stack(0x0000000053880000,0x0000000053980000)]
  0x000000002b322800 JavaThread "build operations Thread 4" [_thread_blocked, id=372, stack(0x0000000053780000,0x0000000053880000)]
  0x000000002b31b000 JavaThread "build operations Thread 3" [_thread_blocked, id=6636, stack(0x0000000053680000,0x0000000053780000)]
  0x000000002b322000 JavaThread "build operations Thread 2" [_thread_blocked, id=14256, stack(0x0000000053580000,0x0000000053680000)]
  0x000000002b31c800 JavaThread "build operations" [_thread_blocked, id=10416, stack(0x0000000053480000,0x0000000053580000)]
  0x000000002b31a800 JavaThread "Cache worker for Artifact transforms cache (C:\Users\lenovo232013\.gradle\caches\transforms-1)" [_thread_blocked, id=952, stack(0x0000000053380000,0x0000000053480000)]
  0x000000002b321000 JavaThread "Cache worker for file hash cache (G:\wj\Demo\AndroidBase\.gradle\4.1\fileHashes)" [_thread_blocked, id=8852, stack(0x0000000053280000,0x0000000053380000)]
  0x000000002b320800 JavaThread "Stdin handler" [_thread_blocked, id=1228, stack(0x0000000053180000,0x0000000053280000)]
  0x000000002b319800 JavaThread "Asynchronous log dispatcher for DefaultDaemonConnection: socket connection from /127.0.0.1:60477 to /127.0.0.1:57667" [_thread_blocked, id=9780, stack(0x0000000053080000,0x0000000053180000)]
  0x000000002b31f800 JavaThread "Cancel handler" [_thread_blocked, id=10172, stack(0x0000000052f80000,0x0000000053080000)]
  0x000000002b317800 JavaThread "Handler for socket connection from /127.0.0.1:60477 to /127.0.0.1:57667" [_thread_in_native, id=13484, stack(0x0000000052e80000,0x0000000052f80000)]
  0x0000000020e4b800 JavaThread "Daemon worker Thread 34" [_thread_blocked, id=1616, stack(0x0000000050480000,0x0000000050580000)]
  0x0000000020e44800 JavaThread "Daemon Thread 34" [_thread_blocked, id=15196, stack(0x0000000050180000,0x0000000050280000)]
  0x0000000020e45800 JavaThread "pool-65-thread-1" [_thread_blocked, id=12880, stack(0x0000000065320000,0x0000000065420000)]
  0x00000000205ff800 JavaThread "pool-43-thread-1" [_thread_blocked, id=4276, stack(0x0000000033280000,0x0000000033380000)]
  0x0000000020605800 JavaThread "Java2D Disposer" daemon [_thread_blocked, id=13100, stack(0x0000000028f80000,0x0000000029080000)]
  0x000000001a218000 JavaThread "Memory manager" [_thread_blocked, id=4844, stack(0x0000000022eb0000,0x0000000022fb0000)]
  0x000000001a218800 JavaThread "pool-1-thread-1" [_thread_blocked, id=10472, stack(0x0000000022bb0000,0x0000000022cb0000)]
  0x000000001a7e6800 JavaThread "File lock request listener" [_thread_in_native, id=8440, stack(0x000000001ccb0000,0x000000001cdb0000)]
  0x000000001a57b800 JavaThread "Cache worker for file hash cache (C:\Users\lenovo232013\.gradle\caches\4.1\fileHashes)" [_thread_blocked, id=12536, stack(0x000000001c9b0000,0x000000001cab0000)]
  0x000000001a16b800 JavaThread "Daemon periodic checks" [_thread_blocked, id=14796, stack(0x000000001bfb0000,0x000000001c0b0000)]
  0x000000001a23a000 JavaThread "Incoming local TCP Connector on port 60477" [_thread_in_native, id=10876, stack(0x000000001be00000,0x000000001bf00000)]
  0x000000001a6cc000 JavaThread "Daemon health stats" [_thread_blocked, id=9676, stack(0x000000001bb00000,0x000000001bc00000)]
  0x000000001888b800 JavaThread "Service Thread" daemon [_thread_blocked, id=3184, stack(0x0000000019160000,0x0000000019260000)]
  0x00000000187f2800 JavaThread "C1 CompilerThread3" daemon [_thread_in_native, id=9576, stack(0x0000000019060000,0x0000000019160000)]
  0x00000000187ef000 JavaThread "C2 CompilerThread2" daemon [_thread_in_native, id=12264, stack(0x0000000018f60000,0x0000000019060000)]
=>0x00000000187ea000 JavaThread "C2 CompilerThread1" daemon [_thread_in_native, id=11216, stack(0x0000000018e60000,0x0000000018f60000)]
  0x0000000018798800 JavaThread "C2 CompilerThread0" daemon [_thread_in_native, id=13860, stack(0x0000000018d60000,0x0000000018e60000)]
  0x0000000018797000 JavaThread "Attach Listener" daemon [_thread_blocked, id=10860, stack(0x0000000018c60000,0x0000000018d60000)]
  0x00000000187e8800 JavaThread "Signal Dispatcher" daemon [_thread_blocked, id=5168, stack(0x0000000018b60000,0x0000000018c60000)]
  0x000000000293a000 JavaThread "Finalizer" daemon [_thread_blocked, id=8940, stack(0x0000000018660000,0x0000000018760000)]
  0x000000001678d000 JavaThread "Reference Handler" daemon [_thread_blocked, id=5864, stack(0x0000000018560000,0x0000000018660000)]
  0x00000000029ce000 JavaThread "main" [_thread_blocked, id=9420, stack(0x00000000023c0000,0x00000000024c0000)]

Other Threads:
  0x0000000016789000 VMThread [stack: 0x0000000018460000,0x0000000018560000] [id=14616]
  0x000000001889b000 WatcherThread [stack: 0x0000000019260000,0x0000000019360000] [id=5872]

VM state:not at safepoint (normal execution)

VM Mutex/Monitor currently owned by a thread:  ([mutex/lock_event])
[0x00000000029cd0b0] SystemDictionary_lock - owner thread: 0x00000000187ef000

Heap:
 PSYoungGen      total 375808K, used 85263K [0x00000000e0000000, 0x0000000100000000, 0x0000000100000000)
  eden space 225280K, 17% used [0x00000000e0000000,0x00000000e278a810,0x00000000edc00000)
  from space 150528K, 29% used [0x00000000f6d00000,0x00000000f98b9548,0x0000000100000000)
  to   space 148480K, 0% used [0x00000000edc00000,0x00000000edc00000,0x00000000f6d00000)
 ParOldGen       total 556032K, used 515581K [0x00000000a0000000, 0x00000000c1f00000, 0x00000000e0000000)
  object space 556032K, 92% used [0x00000000a0000000,0x00000000bf77f468,0x00000000c1f00000)
 Metaspace       used 190046K, capacity 213175K, committed 213400K, reserved 1232896K
  class space    used 23631K, capacity 29571K, committed 29616K, reserved 1048576K

Card table byte_map: [0x0000000011d90000,0x00000000120a0000] byte_map_base: 0x0000000011890000

Marking Bits: (ParMarkBitMap*) 0x0000000062724040
 Begin Bits: [0x0000000012aa0000, 0x00000000142a0000)
 End Bits:   [0x00000000142a0000, 0x0000000015aa0000)

Polling page: 0x0000000000a20000

CodeCache: size=245760Kb used=149497Kb max_used=149525Kb free=96262Kb
 bounds [0x00000000029d0000, 0x000000000bcd0000, 0x00000000119d0000]
 total_blobs=39298 nmethods=38293 adapters=914
 compilation: enabled

Compilation events (10 events):
Event: 17686.144 Thread 0x00000000187f2800 53010       1       com.android.dx.dex.file.MemberIdItem::writeSize (3 bytes)
Event: 17686.144 Thread 0x00000000187f2800 nmethod 53010 0x000000000bbf6b50 code [0x000000000bbf6ca0, 0x000000000bbf6db0]
Event: 17686.144 Thread 0x00000000187f2800 52972       1       com.android.dx.dex.code.LocalList$Entry::getType (5 bytes)
Event: 17686.144 Thread 0x00000000187f2800 nmethod 52972 0x000000000bbf6e10 code [0x000000000bbf6f60, 0x000000000bbf7070]
Event: 17686.144 Thread 0x00000000187f2800 53003       1       com.android.dx.dex.code.OutputFinisher::hasAnyPositionInfo (5 bytes)
Event: 17686.144 Thread 0x00000000187f2800 nmethod 53003 0x000000000bbf70d0 code [0x000000000bbf7220, 0x000000000bbf7330]
Event: 17686.144 Thread 0x00000000187f2800 52956       1       com.android.dx.rop.code.ThrowingInsn::getCatches (5 bytes)
Event: 17686.144 Thread 0x00000000187f2800 nmethod 52956 0x000000000bbf7390 code [0x000000000bbf74e0, 0x000000000bbf75f0]
Event: 17686.144 Thread 0x00000000187f2800 53044       1       com.android.dx.cf.direct.DirectClassFile$DcfTypeList::size (5 bytes)
Event: 17686.145 Thread 0x00000000187f2800 nmethod 53044 0x000000000bbf7650 code [0x000000000bbf77a0, 0x000000000bbf78b0]

GC Heap History (10 events):
Event: 17629.655 GC heap before
{Heap before GC invocations=155 (full 8):
 PSYoungGen      total 358400K, used 340564K [0x00000000e0000000, 0x0000000100000000, 0x0000000100000000)
  eden space 218112K, 100% used [0x00000000e0000000,0x00000000ed500000,0x00000000ed500000)
  from space 140288K, 87% used [0x00000000f6900000,0x00000000fe095180,0x00000000ff200000)
  to   space 151552K, 0% used [0x00000000ed500000,0x00000000ed500000,0x00000000f6900000)
 ParOldGen       total 556032K, used 465954K [0x00000000a0000000, 0x00000000c1f00000, 0x00000000e0000000)
  object space 556032K, 83% used [0x00000000a0000000,0x00000000bc7088c0,0x00000000c1f00000)
 Metaspace       used 185593K, capacity 208255K, committed 208536K, reserved 1228800K
  class space    used 23163K, capacity 28989K, committed 29104K, reserved 1048576K
Event: 17629.703 GC heap after
Heap after GC invocations=155 (full 8):
 PSYoungGen      total 369664K, used 50150K [0x00000000e0000000, 0x0000000100000000, 0x0000000100000000)
  eden space 218112K, 0% used [0x00000000e0000000,0x00000000e0000000,0x00000000ed500000)
  from space 151552K, 33% used [0x00000000ed500000,0x00000000f05f98a0,0x00000000f6900000)
  to   space 149504K, 0% used [0x00000000f6e00000,0x00000000f6e00000,0x0000000100000000)
 ParOldGen       total 556032K, used 489015K [0x00000000a0000000, 0x00000000c1f00000, 0x00000000e0000000)
  object space 556032K, 87% used [0x00000000a0000000,0x00000000bdd8de28,0x00000000c1f00000)
 Metaspace       used 185593K, capacity 208255K, committed 208536K, reserved 1228800K
  class space    used 23163K, capacity 28989K, committed 29104K, reserved 1048576K
}
Event: 17635.737 GC heap before
{Heap before GC invocations=156 (full 8):
 PSYoungGen      total 369664K, used 268262K [0x00000000e0000000, 0x0000000100000000, 0x0000000100000000)
  eden space 218112K, 100% used [0x00000000e0000000,0x00000000ed500000,0x00000000ed500000)
  from space 151552K, 33% used [0x00000000ed500000,0x00000000f05f98a0,0x00000000f6900000)
  to   space 149504K, 0% used [0x00000000f6e00000,0x00000000f6e00000,0x0000000100000000)
 ParOldGen       total 556032K, used 489015K [0x00000000a0000000, 0x00000000c1f00000, 0x00000000e0000000)
  object space 556032K, 87% used [0x00000000a0000000,0x00000000bdd8de28,0x00000000c1f00000)
 Metaspace       used 185653K, capacity 208445K, committed 208536K, reserved 1228800K
  class space    used 23176K, capacity 29030K, committed 29104K, reserved 1048576K
Event: 17635.768 GC heap after
Heap after GC invocations=156 (full 8):
 PSYoungGen      total 363520K, used 52966K [0x00000000e0000000, 0x00000000ff700000, 0x0000000100000000)
  eden space 223232K, 0% used [0x00000000e0000000,0x00000000e0000000,0x00000000eda00000)
  from space 140288K, 37% used [0x00000000f6e00000,0x00000000fa1b98e0,0x00000000ff700000)
  to   space 145920K, 0% used [0x00000000eda00000,0x00000000eda00000,0x00000000f6880000)
 ParOldGen       total 556032K, used 496008K [0x00000000a0000000, 0x00000000c1f00000, 0x00000000e0000000)
  object space 556032K, 89% used [0x00000000a0000000,0x00000000be462278,0x00000000c1f00000)
 Metaspace       used 185653K, capacity 208445K, committed 208536K, reserved 1228800K
  class space    used 23176K, capacity 29030K, committed 29104K, reserved 1048576K
}
Event: 17672.051 GC heap before
{Heap before GC invocations=157 (full 8):
 PSYoungGen      total 363520K, used 276198K [0x00000000e0000000, 0x00000000ff700000, 0x0000000100000000)
  eden space 223232K, 100% used [0x00000000e0000000,0x00000000eda00000,0x00000000eda00000)
  from space 140288K, 37% used [0x00000000f6e00000,0x00000000fa1b98e0,0x00000000ff700000)
  to   space 145920K, 0% used [0x00000000eda00000,0x00000000eda00000,0x00000000f6880000)
 ParOldGen       total 556032K, used 496008K [0x00000000a0000000, 0x00000000c1f00000, 0x00000000e0000000)
  object space 556032K, 89% used [0x00000000a0000000,0x00000000be462278,0x00000000c1f00000)
 Metaspace       used 185730K, capacity 208565K, committed 208792K, reserved 1228800K
  class space    used 23187K, capacity 29070K, committed 29104K, reserved 1048576K
Event: 17672.074 GC heap after
Heap after GC invocations=157 (full 8):
 PSYoungGen      total 369152K, used 44310K [0x00000000e0000000, 0x0000000100000000, 0x0000000100000000)
  eden space 223232K, 0% used [0x00000000e0000000,0x00000000e0000000,0x00000000eda00000)
  from space 145920K, 30% used [0x00000000eda00000,0x00000000f05458f0,0x00000000f6880000)
  to   space 143872K, 0% used [0x00000000f7380000,0x00000000f7380000,0x0000000100000000)
 ParOldGen       total 556032K, used 496548K [0x00000000a0000000, 0x00000000c1f00000, 0x00000000e0000000)
  object space 556032K, 89% used [0x00000000a0000000,0x00000000be4e92c8,0x00000000c1f00000)
 Metaspace       used 185730K, capacity 208565K, committed 208792K, reserved 1228800K
  class space    used 23187K, capacity 29070K, committed 29104K, reserved 1048576K
}
Event: 17675.440 GC heap before
{Heap before GC invocations=158 (full 8):
 PSYoungGen      total 369152K, used 267542K [0x00000000e0000000, 0x0000000100000000, 0x0000000100000000)
  eden space 223232K, 100% used [0x00000000e0000000,0x00000000eda00000,0x00000000eda00000)
  from space 145920K, 30% used [0x00000000eda00000,0x00000000f05458f0,0x00000000f6880000)
  to   space 143872K, 0% used [0x00000000f7380000,0x00000000f7380000,0x0000000100000000)
 ParOldGen       total 556032K, used 496548K [0x00000000a0000000, 0x00000000c1f00000, 0x00000000e0000000)
  object space 556032K, 89% used [0x00000000a0000000,0x00000000be4e92c8,0x00000000c1f00000)
 Metaspace       used 185777K, capacity 208669K, committed 208792K, reserved 1228800K
  class space    used 23192K, capacity 29076K, committed 29104K, reserved 1048576K
Event: 17675.494 GC heap after
Heap after GC invocations=158 (full 8):
 PSYoungGen      total 365056K, used 61917K [0x00000000e0000000, 0x00000000ff300000, 0x0000000100000000)
  eden space 234496K, 0% used [0x00000000e0000000,0x00000000e0000000,0x00000000ee500000)
  from space 130560K, 47% used [0x00000000f7380000,0x00000000faff7740,0x00000000ff300000)
  to   space 138240K, 0% used [0x00000000ee500000,0x00000000ee500000,0x00000000f6c00000)
 ParOldGen       total 556032K, used 497124K [0x00000000a0000000, 0x00000000c1f00000, 0x00000000e0000000)
  object space 556032K, 89% used [0x00000000a0000000,0x00000000be579308,0x00000000c1f00000)
 Metaspace       used 185777K, capacity 208669K, committed 208792K, reserved 1228800K
  class space    used 23192K, capacity 29076K, committed 29104K, reserved 1048576K
}
Event: 17677.959 GC heap before
{Heap before GC invocations=159 (full 8):
 PSYoungGen      total 365056K, used 296413K [0x00000000e0000000, 0x00000000ff300000, 0x0000000100000000)
  eden space 234496K, 100% used [0x00000000e0000000,0x00000000ee500000,0x00000000ee500000)
  from space 130560K, 47% used [0x00000000f7380000,0x00000000faff7740,0x00000000ff300000)
  to   space 138240K, 0% used [0x00000000ee500000,0x00000000ee500000,0x00000000f6c00000)
 ParOldGen       total 556032K, used 497124K [0x00000000a0000000, 0x00000000c1f00000, 0x00000000e0000000)
  object space 556032K, 89% used [0x00000000a0000000,0x00000000be579308,0x00000000c1f00000)
 Metaspace       used 186809K, capacity 209775K, committed 209944K, reserved 1230848K
  class space    used 23301K, capacity 29213K, committed 29232K, reserved 1048576K
Event: 17678.020 GC heap after
Heap after GC invocations=159 (full 8):
 PSYoungGen      total 372736K, used 121355K [0x00000000e0000000, 0x0000000100000000, 0x0000000100000000)
  eden space 234496K, 0% used [0x00000000e0000000,0x00000000e0000000,0x00000000ee500000)
  from space 138240K, 87% used [0x00000000ee500000,0x00000000f5b82fe0,0x00000000f6c00000)
  to   space 150528K, 0% used [0x00000000f6d00000,0x00000000f6d00000,0x0000000100000000)
 ParOldGen       total 556032K, used 505398K [0x00000000a0000000, 0x00000000c1f00000, 0x00000000e0000000)
  object space 556032K, 90% used [0x00000000a0000000,0x00000000bed8db98,0x00000000c1f00000)
 Metaspace       used 186809K, capacity 209775K, committed 209944K, reserved 1230848K
  class space    used 23301K, capacity 29213K, committed 29232K, reserved 1048576K
}

Deoptimization events (10 events):
Event: 17685.535 Thread 0x000000001e23d800 Uncommon trap: reason=class_check action=maybe_recompile pc=0x000000000ba35e70 method=com.android.dx.ssa.NormalSsaInsn.accept(Lcom/android/dx/ssa/SsaInsn$Visitor;)V @ 9
Event: 17685.535 Thread 0x000000001e23d800 Uncommon trap: reason=class_check action=maybe_recompile pc=0x000000000ba35e70 method=com.android.dx.ssa.NormalSsaInsn.accept(Lcom/android/dx/ssa/SsaInsn$Visitor;)V @ 9
Event: 17685.535 Thread 0x000000001e23d800 Uncommon trap: reason=class_check action=maybe_recompile pc=0x000000000ba35e70 method=com.android.dx.ssa.NormalSsaInsn.accept(Lcom/android/dx/ssa/SsaInsn$Visitor;)V @ 9
Event: 17685.537 Thread 0x000000001e23d800 Uncommon trap: reason=class_check action=maybe_recompile pc=0x000000000ba35e70 method=com.android.dx.ssa.NormalSsaInsn.accept(Lcom/android/dx/ssa/SsaInsn$Visitor;)V @ 9
Event: 17685.884 Thread 0x0000000022233000 Uncommon trap: reason=null_check action=make_not_entrant pc=0x000000000baa0444 method=com.android.dx.ssa.SsaRenamer.getLocalForNewReg(I)Lcom/android/dx/rop/code/LocalItem; @ 19
Event: 17685.887 Thread 0x0000000022232000 Uncommon trap: reason=null_check action=make_not_entrant pc=0x000000000baabddc method=com.android.dx.ssa.SsaRenamer.getLocalForNewReg(I)Lcom/android/dx/rop/code/LocalItem; @ 19
Event: 17685.896 Thread 0x0000000022232000 Uncommon trap: reason=null_check action=make_not_entrant pc=0x000000000ba8f0a4 method=com.android.dx.rop.type.Type.equals(Ljava/lang/Object;)Z @ 8
Event: 17685.968 Thread 0x0000000022233800 Uncommon trap: reason=unstable_if action=reinterpret pc=0x000000000ba8d66c method=com.android.dx.rop.code.RegisterSpecSet.put(Lcom/android/dx/rop/code/RegisterSpec;)V @ 77
Event: 17685.968 Thread 0x0000000022233800 Uncommon trap: reason=unstable_if action=reinterpret pc=0x000000000bb35c6c method=com.android.dx.rop.code.RegisterSpecSet.put(Lcom/android/dx/rop/code/RegisterSpec;)V @ 77
Event: 17686.123 Thread 0x0000000022233800 Uncommon trap: reason=unstable_if action=reinterpret pc=0x000000000ba3059c method=com.android.dx.rop.cst.Constant.compareTo(Lcom/android/dx/rop/cst/Constant;)I @ 12

Internal exceptions (10 events):
Event: 17685.853 Thread 0x0000000022233800 Exception <a 'sun/nio/fs/WindowsException'> (0x00000000e92a2060) thrown at [C:\re\workspace\8-2-build-windows-amd64-cygwin\jdk8u45\3627\hotspot\src\share\vm\prims\jni.cpp, line 709]
Event: 17685.866 Thread 0x000000001e23d800 Exception <a 'sun/nio/fs/WindowsException'> (0x00000000e98f9bd8) thrown at [C:\re\workspace\8-2-build-windows-amd64-cygwin\jdk8u45\3627\hotspot\src\share\vm\prims\jni.cpp, line 709]
Event: 17685.870 Thread 0x000000001e23c000 Exception <a 'sun/nio/fs/WindowsException'> (0x00000000e95564a8) thrown at [C:\re\workspace\8-2-build-windows-amd64-cygwin\jdk8u45\3627\hotspot\src\share\vm\prims\jni.cpp, line 709]
Event: 17685.884 Thread 0x0000000022233000 Implicit null exception at 0x000000000ba9e540 to 0x000000000baa03f9
Event: 17685.887 Thread 0x0000000022232000 Implicit null exception at 0x000000000baa9cac to 0x000000000baabdbd
Event: 17685.896 Thread 0x0000000022232000 Implicit null exception at 0x000000000ba8efa2 to 0x000000000ba8f095
Event: 17685.913 Thread 0x000000001e236000 Exception <a 'sun/nio/fs/WindowsException'> (0x00000000e9c7b1d8) thrown at [C:\re\workspace\8-2-build-windows-amd64-cygwin\jdk8u45\3627\hotspot\src\share\vm\prims\jni.cpp, line 709]
Event: 17685.947 Thread 0x0000000022237800 Exception <a 'sun/nio/fs/WindowsException'> (0x00000000e97c3920) thrown at [C:\re\workspace\8-2-build-windows-amd64-cygwin\jdk8u45\3627\hotspot\src\share\vm\prims\jni.cpp, line 709]
Event: 17685.947 Thread 0x0000000022233000 Exception <a 'sun/nio/fs/WindowsException'> (0x00000000e9dfcb70) thrown at [C:\re\workspace\8-2-build-windows-amd64-cygwin\jdk8u45\3627\hotspot\src\share\vm\prims\jni.cpp, line 709]
Event: 17685.963 Thread 0x000000001e237000 Exception <a 'sun/nio/fs/WindowsException'> (0x00000000e9882e20) thrown at [C:\re\workspace\8-2-build-windows-amd64-cygwin\jdk8u45\3627\hotspot\src\share\vm\prims\jni.cpp, line 709]

Events (10 events):
Event: 17686.099 Thread 0x00000000187f2800 flushing nmethod 0x000000000a86e610
Event: 17686.099 Thread 0x00000000187f2800 flushing nmethod 0x000000000a8e1550
Event: 17686.100 Thread 0x00000000187f2800 flushing nmethod 0x000000000a951bd0
Event: 17686.100 Thread 0x00000000187f2800 flushing nmethod 0x000000000a954390
Event: 17686.101 Thread 0x00000000187f2800 flushing nmethod 0x000000000acbc2d0
Event: 17686.102 Thread 0x00000000187f2800 flushing nmethod 0x000000000adba0d0
Event: 17686.106 Thread 0x00000000187f2800 flushing nmethod 0x000000000b5351d0
Event: 17686.123 Thread 0x0000000022233800 Uncommon trap: trap_request=0xffffff65 fr.pc=0x000000000ba3059c
Event: 17686.123 Thread 0x0000000022233800 DEOPT PACKING pc=0x000000000ba3059c sp=0x000000005607e6d0
Event: 17686.123 Thread 0x0000000022233800 DEOPT UNPACKING pc=0x0000000002a1582a sp=0x000000005607e670 mode 2


Dynamic libraries:
0x00007ff658b10000 - 0x00007ff658b47000 	C:\Program Files\Java\jdk1.8.0_45\bin\java.exe
0x00007ff81c520000 - 0x00007ff81c701000 	C:\WINDOWS\SYSTEM32\ntdll.dll
0x00007ff81c420000 - 0x00007ff81c4d2000 	C:\WINDOWS\System32\KERNEL32.DLL
0x00007ff818940000 - 0x00007ff818bb3000 	C:\WINDOWS\System32\KERNELBASE.dll
0x00007ff8199b0000 - 0x00007ff819a51000 	C:\WINDOWS\System32\ADVAPI32.dll
0x00007ff81a230000 - 0x00007ff81a2ce000 	C:\WINDOWS\System32\msvcrt.dll
0x00007ff81c120000 - 0x00007ff81c17b000 	C:\WINDOWS\System32\sechost.dll
0x00007ff81bfc0000 - 0x00007ff81c0e4000 	C:\WINDOWS\System32\RPCRT4.dll
0x00007ff81a0a0000 - 0x00007ff81a230000 	C:\WINDOWS\System32\USER32.dll
0x00007ff818c40000 - 0x00007ff818c60000 	C:\WINDOWS\System32\win32u.dll
0x00007ff81c0f0000 - 0x00007ff81c118000 	C:\WINDOWS\System32\GDI32.dll
0x00007ff818d60000 - 0x00007ff818ef2000 	C:\WINDOWS\System32\gdi32full.dll
0x00007ff8196c0000 - 0x00007ff81975f000 	C:\WINDOWS\System32\msvcp_win.dll
0x00007ff818c60000 - 0x00007ff818d5a000 	C:\WINDOWS\System32\ucrtbase.dll
0x00007ff8079f0000 - 0x00007ff807c59000 	C:\WINDOWS\WinSxS\amd64_microsoft.windows.common-controls_6595b64144ccf1df_6.0.17134.345_none_fb429a5930656358\COMCTL32.dll
0x00007ff819b30000 - 0x00007ff819e53000 	C:\WINDOWS\System32\combase.dll
0x00007ff818bc0000 - 0x00007ff818c3a000 	C:\WINDOWS\System32\bcryptPrimitives.dll
0x00007ff81c260000 - 0x00007ff81c28d000 	C:\WINDOWS\System32\IMM32.DLL
0x00000000627b0000 - 0x0000000062882000 	C:\Program Files\Java\jdk1.8.0_45\jre\bin\msvcr100.dll
0x0000000061f20000 - 0x00000000627a3000 	C:\Program Files\Java\jdk1.8.0_45\jre\bin\server\jvm.dll
0x00007ff81c300000 - 0x00007ff81c308000 	C:\WINDOWS\System32\PSAPI.DLL
0x00007ff807f50000 - 0x00007ff807f59000 	C:\WINDOWS\SYSTEM32\WSOCK32.dll
0x00007ff80e610000 - 0x00007ff80e633000 	C:\WINDOWS\SYSTEM32\WINMM.dll
0x00007ff817480000 - 0x00007ff81748a000 	C:\WINDOWS\SYSTEM32\VERSION.dll
0x00007ff81c290000 - 0x00007ff81c2fc000 	C:\WINDOWS\System32\WS2_32.dll
0x00007ff80e5e0000 - 0x00007ff80e60a000 	C:\WINDOWS\SYSTEM32\winmmbase.dll
0x00007ff8188f0000 - 0x00007ff818939000 	C:\WINDOWS\System32\cfgmgr32.dll
0x0000000063710000 - 0x000000006371f000 	C:\Program Files\Java\jdk1.8.0_45\jre\bin\verify.dll
0x0000000061ef0000 - 0x0000000061f19000 	C:\Program Files\Java\jdk1.8.0_45\jre\bin\java.dll
0x0000000061ed0000 - 0x0000000061ee6000 	C:\Program Files\Java\jdk1.8.0_45\jre\bin\zip.dll
0x00007ff81a2f0000 - 0x00007ff81b72f000 	C:\WINDOWS\System32\SHELL32.dll
0x00007ff81c370000 - 0x00007ff81c419000 	C:\WINDOWS\System32\shcore.dll
0x00007ff818fb0000 - 0x00007ff8196bd000 	C:\WINDOWS\System32\windows.storage.dll
0x00007ff81ba20000 - 0x00007ff81ba71000 	C:\WINDOWS\System32\shlwapi.dll
0x00007ff8188d0000 - 0x00007ff8188e1000 	C:\WINDOWS\System32\kernel.appcore.dll
0x00007ff818890000 - 0x00007ff8188af000 	C:\WINDOWS\System32\profapi.dll
0x00007ff818840000 - 0x00007ff81888c000 	C:\WINDOWS\System32\powrprof.dll
0x00007ff818830000 - 0x00007ff81883a000 	C:\WINDOWS\System32\FLTLIB.DLL
0x0000000061eb0000 - 0x0000000061eca000 	C:\Program Files\Java\jdk1.8.0_45\jre\bin\net.dll
0x00007ff818090000 - 0x00007ff8180f6000 	C:\WINDOWS\system32\mswsock.dll
0x0000000061e90000 - 0x0000000061ea1000 	C:\Program Files\Java\jdk1.8.0_45\jre\bin\nio.dll
0x00007ff804b60000 - 0x00007ff804b7e000 	C:\Users\lenovo232013\.gradle\native\25\windows-amd64\native-platform.dll
0x0000000061e80000 - 0x0000000061e8d000 	C:\Program Files\Java\jdk1.8.0_45\jre\bin\management.dll
0x00007ff818240000 - 0x00007ff818257000 	C:\WINDOWS\SYSTEM32\CRYPTSP.dll
0x00007ff817c70000 - 0x00007ff817ca3000 	C:\WINDOWS\system32\rsaenh.dll
0x00007ff818370000 - 0x00007ff818395000 	C:\WINDOWS\SYSTEM32\bcrypt.dll
0x00007ff818760000 - 0x00007ff818788000 	C:\WINDOWS\SYSTEM32\USERENV.dll
0x00007ff818260000 - 0x00007ff81826b000 	C:\WINDOWS\SYSTEM32\CRYPTBASE.dll
0x00007ff817e10000 - 0x00007ff817e48000 	C:\WINDOWS\SYSTEM32\IPHLPAPI.DLL
0x00007ff81ba10000 - 0x00007ff81ba18000 	C:\WINDOWS\System32\NSI.dll
0x00007ff810190000 - 0x00007ff8101a6000 	C:\WINDOWS\SYSTEM32\dhcpcsvc6.DLL
0x00007ff810170000 - 0x00007ff81018a000 	C:\WINDOWS\SYSTEM32\dhcpcsvc.DLL
0x00000000607d0000 - 0x0000000060968000 	C:\Program Files\Java\jdk1.8.0_45\jre\bin\awt.dll
0x00007ff819a60000 - 0x00007ff819b22000 	C:\WINDOWS\System32\OLEAUT32.dll
0x00007ff815700000 - 0x00007ff81578b000 	C:\WINDOWS\SYSTEM32\apphelp.dll
0x00007ff816de0000 - 0x00007ff816e09000 	C:\WINDOWS\system32\DWMAPI.DLL
0x00007ff816b50000 - 0x00007ff816be8000 	C:\WINDOWS\system32\uxtheme.dll
0x00000000607a0000 - 0x00000000607ca000 	C:\Program Files\Java\jdk1.8.0_45\jre\bin\dcpr.dll
0x00007ff817900000 - 0x00007ff817931000 	C:\WINDOWS\SYSTEM32\ntmarta.dll
0x0000000060770000 - 0x0000000060794000 	C:\Program Files\Java\jdk1.8.0_45\jre\bin\sunec.dll
0x00007ff817e50000 - 0x00007ff817f0e000 	C:\WINDOWS\SYSTEM32\DNSAPI.dll
0x00007ff80f660000 - 0x00007ff80f66a000 	C:\Windows\System32\rasadhlp.dll
0x00007ff80fa90000 - 0x00007ff80fb02000 	C:\WINDOWS\System32\fwpuclnt.dll
0x00007ff817540000 - 0x00007ff817556000 	C:\WINDOWS\system32\napinsp.dll
0x00007ffff4950000 - 0x00007ffff496a000 	C:\WINDOWS\system32\pnrpnsp.dll
0x00007ff813110000 - 0x00007ff813129000 	C:\WINDOWS\system32\NLAapi.dll
0x00007ff817490000 - 0x00007ff81749e000 	C:\WINDOWS\System32\winrnr.dll
0x00007ff812a90000 - 0x00007ff812aa5000 	C:\WINDOWS\System32\wshbth.dll
0x00007ff812d20000 - 0x00007ff812ee9000 	C:\WINDOWS\SYSTEM32\dbghelp.dll

VM Arguments:
jvm_args: -Xmx1536m -Dfile.encoding=GBK -Duser.country=CN -Duser.language=zh -Duser.variant 
java_command: org.gradle.launcher.daemon.bootstrap.GradleDaemon 4.1
java_class_path (initial): C:\Users\lenovo232013\.gradle\wrapper\dists\gradle-4.1-all\bzyivzo6n839fup2jbap0tjew\gradle-4.1\lib\gradle-launcher-4.1.jar
Launcher Type: SUN_STANDARD

Environment Variables:
JAVA_HOME=C:\Program Files\Java\jdk1.8.0_45
CLASSPATH=C:\Program Files\apache-tomcat-7.0.8\lib\servlet-api.jar;
PATH=C:\Python27\;C:\Python27\Scripts;C:\ProgramData\Oracle\Java\javapath;C:\WINDOWS\system32;C:\WINDOWS;C:\WINDOWS\System32\Wbem;C:\WINDOWS\System32\WindowsPowerShell\v1.0\;C:\Program Files\Intel\WiFi\bin\;C:\Program Files\Common Files\Intel\WirelessCommon\;C:\Program Files\Java\jdk1.8.0_45\bin;C:\Program Files\MySQL\MySQL Utilities 1.6\;D:\software\redis\;E:\JavaWorld\Java_DevKit\Eclipse ADT\sdk\tools;E:\JavaWorld\Java_DevKit\Eclipse ADT\sdk\platform-tools;C:\Program Files\VisualSVN Server\bin;C:\Program Files\TortoiseSVN\bin;C:\ProgramData\chocolatey\bin;G:\huzeliang\HJ\AndroidSDK\platform-tools;G:\huzeliang\HJ\AndroidSDK\tools;C:\Program Files\apache-tomcat-7.0.8\lib;C:\Program Files\apache-tomcat-7.0.8\bin;C:\Users\lenovo232013\.gradle\wrapper\dists\gradle-2.2-all\1vevkra640w3rb9hkuw50q5we\gradle-2.2\bin;C:\Program Files\nodejs\;C:\Program Files\Git\cmd;C:\Program Files\TortoiseGit\bin;C:\WINDOWS\System32\OpenSSH\;C:\Program Files\Intel\WiFi\bin\;C:\Program Files\Common Files\Intel\WirelessCommon\;C:\Program Files\Microsoft VS Code\bin;C:\Users\lenovo232013\AppData\Local\Programs\Fiddler;C:\Users\lenovo232013\AppData\Local\Microsoft\WindowsApps;C:\Users\lenovo232013\AppData\Roaming\npm;
USERNAME=lenovo232013
OS=Windows_NT
PROCESSOR_IDENTIFIER=Intel64 Family 6 Model 94 Stepping 3, GenuineIntel



---------------  S Y S T E M  ---------------

OS: Windows 10.0 , 64 bit Build 17134 (10.0.17134.1)

CPU:total 8 (4 cores per cpu, 2 threads per core) family 6 model 94 stepping 3, cmov, cx8, fxsr, mmx, sse, sse2, sse3, ssse3, sse4.1, sse4.2, popcnt, avx, avx2, aes, clmul, erms, rtm, 3dnowpref, lzcnt, ht, tsc, tscinvbit, bmi1, bmi2, adx

Memory: 4k page, physical 16600960k(3735160k free), swap 20572040k(0k free)

vm_info: Java HotSpot(TM) 64-Bit Server VM (25.45-b02) for windows-amd64 JRE (1.8.0_45-b15), built on Apr 30 2015 12:40:44 by "java_re" with MS VC++ 10.0 (VS2010)

time: Mon Oct 15 16:04:46 2018
elapsed time: 17686 seconds (0d 4h 54m 46s)

